0 info it worked if it ends with ok
1 verbose cli [ '/usr/bin/node', '/usr/bin/npm', 'rebuild', 'node-sass' ]
2 info using npm@1.4.28
3 info using node@v0.10.37
4 verbose node symlink /usr/bin/node
5 info readInstalled object
6 verbose rebuild path, id [ '/home/vagrant/code/personal/repos/rna-guild.net/node_modules/laravel-elixir/node_modules/gulp-sass/node_modules/node-sass',
6 verbose rebuild   'node-sass@3.7.0' ]
7 silly rebuild set [ '/home/vagrant/code/personal/repos/rna-guild.net/node_modules/laravel-elixir/node_modules/gulp-sass/node_modules/node-sass' ]
8 info build /home/vagrant/code/personal/repos/rna-guild.net/node_modules/laravel-elixir/node_modules/gulp-sass/node_modules/node-sass
9 info preinstall node-sass@3.7.0
10 verbose linkStuff [ false,
10 verbose linkStuff   false,
10 verbose linkStuff   false,
10 verbose linkStuff   '/home/vagrant/code/personal/repos/rna-guild.net/node_modules/laravel-elixir/node_modules/gulp-sass/node_modules' ]
11 info linkStuff node-sass@3.7.0
12 verbose linkBins node-sass@3.7.0
13 verbose link bins [ { 'node-sass': 'bin/node-sass' },
13 verbose link bins   '/home/vagrant/code/personal/repos/rna-guild.net/node_modules/laravel-elixir/node_modules/gulp-sass/node_modules/.bin',
13 verbose link bins   false ]
14 verbose linkMans node-sass@3.7.0
15 verbose rebuildBundles node-sass@3.7.0
16 verbose rebuildBundles [ '.bin',
16 verbose rebuildBundles   'async-foreach',
16 verbose rebuildBundles   'chalk',
16 verbose rebuildBundles   'cross-spawn-async',
16 verbose rebuildBundles   'gaze',
16 verbose rebuildBundles   'get-stdin',
16 verbose rebuildBundles   'glob',
16 verbose rebuildBundles   'in-publish',
16 verbose rebuildBundles   'meow',
16 verbose rebuildBundles   'mkdirp',
16 verbose rebuildBundles   'nan',
16 verbose rebuildBundles   'node-gyp',
16 verbose rebuildBundles   'request',
16 verbose rebuildBundles   'sass-graph' ]
17 error Error: EPERM, unlink '/home/vagrant/code/personal/repos/rna-guild.net/node_modules/laravel-elixir/node_modules/gulp-sass/node_modules/.bin/node-sass'
17 error  { [Error: EPERM, unlink '/home/vagrant/code/personal/repos/rna-guild.net/node_modules/laravel-elixir/node_modules/gulp-sass/node_modules/.bin/node-sass']
17 error   errno: 50,
17 error   code: 'EPERM',
17 error   path: '/home/vagrant/code/personal/repos/rna-guild.net/node_modules/laravel-elixir/node_modules/gulp-sass/node_modules/.bin/node-sass' }
18 error Please try running this command again as root/Administrator.
19 error System Linux 3.13.0-11-generic
20 error command "/usr/bin/node" "/usr/bin/npm" "rebuild" "node-sass"
21 error cwd /home/vagrant/code/personal/repos/rna-guild.net
22 error node -v v0.10.37
23 error npm -v 1.4.28
24 error path /home/vagrant/code/personal/repos/rna-guild.net/node_modules/laravel-elixir/node_modules/gulp-sass/node_modules/.bin/node-sass
25 error code EPERM
26 error errno 50
27 error stack Error: EPERM, unlink '/home/vagrant/code/personal/repos/rna-guild.net/node_modules/laravel-elixir/node_modules/gulp-sass/node_modules/.bin/node-sass'
28 verbose exit [ 50, true ]
